# Logfile created on 2014-01-19 20:37:49 +0000 by logger.rb/41954
I, [2014-01-19T20:37:49.841701 #47579]  INFO -- : 0:  builder (3.2.2) from /Users/gregb/.rvm/gems/ruby-2.0.0-p353/specifications/builder-3.2.2.gemspec
I, [2014-01-19T20:37:49.842093 #47579]  INFO -- : 0:  diff-lcs (1.2.5) from /Users/gregb/.rvm/gems/ruby-2.0.0-p353/specifications/diff-lcs-1.2.5.gemspec
I, [2014-01-19T20:37:49.842318 #47579]  INFO -- : 0:  multi_json (1.8.4) from /Users/gregb/.rvm/gems/ruby-2.0.0-p353/specifications/multi_json-1.8.4.gemspec
I, [2014-01-19T20:37:49.842536 #47579]  INFO -- : 0:  gherkin (2.12.2) from /Users/gregb/.rvm/gems/ruby-2.0.0-p353/specifications/gherkin-2.12.2.gemspec
I, [2014-01-19T20:37:49.842757 #47579]  INFO -- : 0:  multi_test (0.0.3) from /Users/gregb/.rvm/gems/ruby-2.0.0-p353/specifications/multi_test-0.0.3.gemspec
I, [2014-01-19T20:37:49.842972 #47579]  INFO -- : 0:  cucumber (1.3.10) from /Users/gregb/.rvm/gems/ruby-2.0.0-p353/specifications/cucumber-1.3.10.gemspec
I, [2014-01-19T20:37:49.843167 #47579]  INFO -- : 0:  rack (1.5.2) from /Users/gregb/.rvm/gems/ruby-2.0.0-p353/specifications/rack-1.5.2.gemspec
I, [2014-01-19T20:37:49.843366 #47579]  INFO -- : 0:  rack-protection (1.5.2) from /Users/gregb/.rvm/gems/ruby-2.0.0-p353/specifications/rack-protection-1.5.2.gemspec
I, [2014-01-19T20:37:49.843580 #47579]  INFO -- : 0:  rack-test (0.6.2) from /Users/gregb/.rvm/gems/ruby-2.0.0-p353/specifications/rack-test-0.6.2.gemspec
I, [2014-01-19T20:37:49.843767 #47579]  INFO -- : 0:  rspec-core (2.14.7) from /Users/gregb/.rvm/gems/ruby-2.0.0-p353/specifications/rspec-core-2.14.7.gemspec
I, [2014-01-19T20:37:49.843974 #47579]  INFO -- : 0:  rspec-expectations (2.14.4) from /Users/gregb/.rvm/gems/ruby-2.0.0-p353/specifications/rspec-expectations-2.14.4.gemspec
I, [2014-01-19T20:37:49.844174 #47579]  INFO -- : 0:  rspec-mocks (2.14.4) from /Users/gregb/.rvm/gems/ruby-2.0.0-p353/specifications/rspec-mocks-2.14.4.gemspec
I, [2014-01-19T20:37:49.844374 #47579]  INFO -- : 0:  rspec (2.14.1) from /Users/gregb/.rvm/gems/ruby-2.0.0-p353/specifications/rspec-2.14.1.gemspec
I, [2014-01-19T20:37:49.844568 #47579]  INFO -- : 0:  tilt (1.4.1) from /Users/gregb/.rvm/gems/ruby-2.0.0-p353/specifications/tilt-1.4.1.gemspec
I, [2014-01-19T20:37:49.844756 #47579]  INFO -- : 0:  sinatra (1.4.4) from /Users/gregb/.rvm/gems/ruby-2.0.0-p353/specifications/sinatra-1.4.4.gemspec
I, [2014-01-19T20:37:49.844930 #47579]  INFO -- : 0:  bundler (1.5.1) from /Users/gregb/.rvm/gems/ruby-2.0.0-p353/specifications/bundler-1.5.1.gemspec
I, [2014-01-19T20:44:44.379734 #48417]  INFO -- : 0:  builder (3.2.2) from /Users/gregb/.rvm/gems/ruby-2.0.0-p353/specifications/builder-3.2.2.gemspec
I, [2014-01-19T20:44:44.380149 #48417]  INFO -- : 0:  diff-lcs (1.2.5) from /Users/gregb/.rvm/gems/ruby-2.0.0-p353/specifications/diff-lcs-1.2.5.gemspec
I, [2014-01-19T20:44:44.380387 #48417]  INFO -- : 0:  multi_json (1.8.4) from /Users/gregb/.rvm/gems/ruby-2.0.0-p353/specifications/multi_json-1.8.4.gemspec
I, [2014-01-19T20:44:44.380607 #48417]  INFO -- : 0:  gherkin (2.12.2) from /Users/gregb/.rvm/gems/ruby-2.0.0-p353/specifications/gherkin-2.12.2.gemspec
I, [2014-01-19T20:44:44.380815 #48417]  INFO -- : 0:  multi_test (0.0.3) from /Users/gregb/.rvm/gems/ruby-2.0.0-p353/specifications/multi_test-0.0.3.gemspec
I, [2014-01-19T20:44:44.381032 #48417]  INFO -- : 0:  cucumber (1.3.10) from /Users/gregb/.rvm/gems/ruby-2.0.0-p353/specifications/cucumber-1.3.10.gemspec
I, [2014-01-19T20:44:44.381239 #48417]  INFO -- : 0:  rack (1.5.2) from /Users/gregb/.rvm/gems/ruby-2.0.0-p353/specifications/rack-1.5.2.gemspec
I, [2014-01-19T20:44:44.381445 #48417]  INFO -- : 0:  rack-protection (1.5.2) from /Users/gregb/.rvm/gems/ruby-2.0.0-p353/specifications/rack-protection-1.5.2.gemspec
I, [2014-01-19T20:44:44.381658 #48417]  INFO -- : 0:  rack-test (0.6.2) from /Users/gregb/.rvm/gems/ruby-2.0.0-p353/specifications/rack-test-0.6.2.gemspec
I, [2014-01-19T20:44:44.381870 #48417]  INFO -- : 0:  rspec-core (2.14.7) from /Users/gregb/.rvm/gems/ruby-2.0.0-p353/specifications/rspec-core-2.14.7.gemspec
I, [2014-01-19T20:44:44.382108 #48417]  INFO -- : 0:  rspec-expectations (2.14.4) from /Users/gregb/.rvm/gems/ruby-2.0.0-p353/specifications/rspec-expectations-2.14.4.gemspec
I, [2014-01-19T20:44:44.382316 #48417]  INFO -- : 0:  rspec-mocks (2.14.4) from /Users/gregb/.rvm/gems/ruby-2.0.0-p353/specifications/rspec-mocks-2.14.4.gemspec
I, [2014-01-19T20:44:44.382522 #48417]  INFO -- : 0:  rspec (2.14.1) from /Users/gregb/.rvm/gems/ruby-2.0.0-p353/specifications/rspec-2.14.1.gemspec
I, [2014-01-19T20:44:44.382727 #48417]  INFO -- : 0:  tilt (1.4.1) from /Users/gregb/.rvm/gems/ruby-2.0.0-p353/specifications/tilt-1.4.1.gemspec
I, [2014-01-19T20:44:44.382937 #48417]  INFO -- : 0:  sinatra (1.4.4) from /Users/gregb/.rvm/gems/ruby-2.0.0-p353/specifications/sinatra-1.4.4.gemspec
I, [2014-01-19T20:44:44.383135 #48417]  INFO -- : 0:  bundler (1.5.1) from /Users/gregb/.rvm/gems/ruby-2.0.0-p353/specifications/bundler-1.5.1.gemspec
I, [2014-01-19T20:52:37.949250 #49346]  INFO -- : 0:  i18n (0.6.9) from /Users/gregb/.rvm/gems/ruby-2.0.0-p353/specifications/i18n-0.6.9.gemspec
I, [2014-01-19T20:52:37.949620 #49346]  INFO -- : 0:  minitest (4.7.5) from /Users/gregb/.rvm/gems/ruby-2.0.0-p353/specifications/minitest-4.7.5.gemspec
I, [2014-01-19T20:52:37.949875 #49346]  INFO -- : 0:  multi_json (1.8.4) from /Users/gregb/.rvm/gems/ruby-2.0.0-p353/specifications/multi_json-1.8.4.gemspec
I, [2014-01-19T20:52:37.950086 #49346]  INFO -- : 0:  atomic (1.1.14) from /Users/gregb/.rvm/gems/ruby-2.0.0-p353/specifications/atomic-1.1.14.gemspec
I, [2014-01-19T20:52:37.950297 #49346]  INFO -- : 0:  thread_safe (0.1.3) from /Users/gregb/.rvm/gems/ruby-2.0.0-p353/specifications/thread_safe-0.1.3.gemspec
I, [2014-01-19T20:52:37.950520 #49346]  INFO -- : 0:  tzinfo (0.3.38) from /Users/gregb/.rvm/gems/ruby-2.0.0-p353/specifications/tzinfo-0.3.38.gemspec
I, [2014-01-19T20:52:37.950761 #49346]  INFO -- : 0:  activesupport (4.0.2) from /Users/gregb/.rvm/gems/ruby-2.0.0-p353/specifications/activesupport-4.0.2.gemspec
I, [2014-01-19T20:52:37.951134 #49346]  INFO -- : 0:  builder (3.2.2) from /Users/gregb/.rvm/gems/ruby-2.0.0-p353/specifications/builder-3.2.2.gemspec
I, [2014-01-19T20:52:37.951342 #49346]  INFO -- : 0:  diff-lcs (1.2.5) from /Users/gregb/.rvm/gems/ruby-2.0.0-p353/specifications/diff-lcs-1.2.5.gemspec
I, [2014-01-19T20:52:37.951546 #49346]  INFO -- : 0:  gherkin (2.12.2) from /Users/gregb/.rvm/gems/ruby-2.0.0-p353/specifications/gherkin-2.12.2.gemspec
I, [2014-01-19T20:52:37.951753 #49346]  INFO -- : 0:  multi_test (0.0.3) from /Users/gregb/.rvm/gems/ruby-2.0.0-p353/specifications/multi_test-0.0.3.gemspec
I, [2014-01-19T20:52:37.951974 #49346]  INFO -- : 0:  cucumber (1.3.10) from /Users/gregb/.rvm/gems/ruby-2.0.0-p353/specifications/cucumber-1.3.10.gemspec
I, [2014-01-19T20:52:37.952167 #49346]  INFO -- : 0:  rack (1.5.2) from /Users/gregb/.rvm/gems/ruby-2.0.0-p353/specifications/rack-1.5.2.gemspec
I, [2014-01-19T20:52:37.952375 #49346]  INFO -- : 0:  rack-protection (1.5.2) from /Users/gregb/.rvm/gems/ruby-2.0.0-p353/specifications/rack-protection-1.5.2.gemspec
I, [2014-01-19T20:52:37.952582 #49346]  INFO -- : 0:  rack-test (0.6.2) from /Users/gregb/.rvm/gems/ruby-2.0.0-p353/specifications/rack-test-0.6.2.gemspec
I, [2014-01-19T20:52:37.952790 #49346]  INFO -- : 0:  rspec-core (2.14.7) from /Users/gregb/.rvm/gems/ruby-2.0.0-p353/specifications/rspec-core-2.14.7.gemspec
I, [2014-01-19T20:52:37.952995 #49346]  INFO -- : 0:  rspec-expectations (2.14.4) from /Users/gregb/.rvm/gems/ruby-2.0.0-p353/specifications/rspec-expectations-2.14.4.gemspec
I, [2014-01-19T20:52:37.953202 #49346]  INFO -- : 0:  rspec-mocks (2.14.4) from /Users/gregb/.rvm/gems/ruby-2.0.0-p353/specifications/rspec-mocks-2.14.4.gemspec
I, [2014-01-19T20:52:37.953404 #49346]  INFO -- : 0:  rspec (2.14.1) from /Users/gregb/.rvm/gems/ruby-2.0.0-p353/specifications/rspec-2.14.1.gemspec
I, [2014-01-19T20:52:37.953601 #49346]  INFO -- : 0:  tilt (1.4.1) from /Users/gregb/.rvm/gems/ruby-2.0.0-p353/specifications/tilt-1.4.1.gemspec
I, [2014-01-19T20:52:37.953801 #49346]  INFO -- : 0:  sinatra (1.4.4) from /Users/gregb/.rvm/gems/ruby-2.0.0-p353/specifications/sinatra-1.4.4.gemspec
I, [2014-01-19T20:52:37.954018 #49346]  INFO -- : 0:  bundler (1.5.1) from /Users/gregb/.rvm/gems/ruby-2.0.0-p353/specifications/bundler-1.5.1.gemspec
